<?xml version="1.0" encoding="UTF-8"?>
<testng-results ignored="0" total="9" passed="8" failed="1" skipped="0">
  <reporter-output>
  </reporter-output>
  <suite started-at="2025-02-23T14:46:47 EET" name="Surefire suite" finished-at="2025-02-23T14:47:33 EET" duration-ms="46197">
    <groups>
    </groups>
    <test started-at="2025-02-23T14:46:47 EET" name="Surefire test" finished-at="2025-02-23T14:47:33 EET" duration-ms="46197">
      <class name="GarageTest">
        <test-method is-config="true" signature="setup(java.lang.String)[pri:0, instance:GarageTest@1622f1b]" started-at="2025-02-23T14:46:55 EET" name="setup" finished-at="2025-02-23T14:46:56 EET" duration-ms="1209" status="PASS">
          <params>
            <param index="0">
              <value>
                <![CDATA[chrome]]>
              </value>
            </param>
          </params>
          <reporter-output>
          </reporter-output>
        </test-method> <!-- setup -->
        <test-method signature="checkAddingCarToGarage()[pri:0, instance:GarageTest@1622f1b]" started-at="2025-02-23T14:46:56 EET" name="checkAddingCarToGarage" finished-at="2025-02-23T14:46:58 EET" duration-ms="2436" status="FAIL">
          <exception class="org.openqa.selenium.NoSuchElementException">
            <message>
              <![CDATA[no such element: Unable to locate element: {"method":"xpath","selector":"//p[text()="Audi TT"]"}
  (Session info: chrome=133.0.6943.127)
For documentation on this error, please visit: https://www.selenium.dev/documentation/webdriver/troubleshooting/errors#no-such-element-exception
Build info: version: '4.28.1', revision: '73f5ad48a2'
System info: os.name: 'Windows 10', os.arch: 'amd64', os.version: '10.0', java.version: '23.0.1'
Driver info: org.openqa.selenium.chrome.ChromeDriver
Command: [faea3f19c201f8628a24cb13f7254523, findElement {value=//p[text()="Audi TT"], using=xpath}]
Capabilities {acceptInsecureCerts: false, browserName: chrome, browserVersion: 133.0.6943.127, chrome: {chromedriverVersion: 133.0.6943.53 (9a80935019b0..., userDataDir: C:\Users\User\AppData\Local...}, fedcm:accounts: true, goog:chromeOptions: {debuggerAddress: localhost:60350}, networkConnectionEnabled: false, pageLoadStrategy: normal, platformName: windows, proxy: Proxy(), se:cdp: ws://localhost:60350/devtoo..., se:cdpVersion: 133.0.6943.127, setWindowRect: true, strictFileInteractability: false, timeouts: {implicit: 0, pageLoad: 300000, script: 30000}, unhandledPromptBehavior: dismiss and notify, webauthn:extension:credBlob: true, webauthn:extension:largeBlob: true, webauthn:extension:minPinLength: true, webauthn:extension:prf: true, webauthn:virtualAuthenticators: true}
Session ID: faea3f19c201f8628a24cb13f7254523]]>
            </message>
            <full-stacktrace>
              <![CDATA[org.openqa.selenium.NoSuchElementException: no such element: Unable to locate element: {"method":"xpath","selector":"//p[text()="Audi TT"]"}
  (Session info: chrome=133.0.6943.127)
For documentation on this error, please visit: https://www.selenium.dev/documentation/webdriver/troubleshooting/errors#no-such-element-exception
Build info: version: '4.28.1', revision: '73f5ad48a2'
System info: os.name: 'Windows 10', os.arch: 'amd64', os.version: '10.0', java.version: '23.0.1'
Driver info: org.openqa.selenium.chrome.ChromeDriver
Command: [faea3f19c201f8628a24cb13f7254523, findElement {value=//p[text()="Audi TT"], using=xpath}]
Capabilities {acceptInsecureCerts: false, browserName: chrome, browserVersion: 133.0.6943.127, chrome: {chromedriverVersion: 133.0.6943.53 (9a80935019b0..., userDataDir: C:\Users\User\AppData\Local...}, fedcm:accounts: true, goog:chromeOptions: {debuggerAddress: localhost:60350}, networkConnectionEnabled: false, pageLoadStrategy: normal, platformName: windows, proxy: Proxy(), se:cdp: ws://localhost:60350/devtoo..., se:cdpVersion: 133.0.6943.127, setWindowRect: true, strictFileInteractability: false, timeouts: {implicit: 0, pageLoad: 300000, script: 30000}, unhandledPromptBehavior: dismiss and notify, webauthn:extension:credBlob: true, webauthn:extension:largeBlob: true, webauthn:extension:minPinLength: true, webauthn:extension:prf: true, webauthn:virtualAuthenticators: true}
Session ID: faea3f19c201f8628a24cb13f7254523
at java.base/jdk.internal.reflect.DirectConstructorHandleAccessor.newInstance(DirectConstructorHandleAccessor.java:62)
at java.base/java.lang.reflect.Constructor.newInstanceWithCaller(Constructor.java:501)
at java.base/java.lang.reflect.Constructor.newInstance(Constructor.java:485)
at org.openqa.selenium.remote.ErrorCodec.decode(ErrorCodec.java:167)
at org.openqa.selenium.remote.codec.w3c.W3CHttpResponseCodec.decode(W3CHttpResponseCodec.java:138)
at org.openqa.selenium.remote.codec.w3c.W3CHttpResponseCodec.decode(W3CHttpResponseCodec.java:50)
at org.openqa.selenium.remote.HttpCommandExecutor.execute(HttpCommandExecutor.java:215)
at org.openqa.selenium.remote.service.DriverCommandExecutor.invokeExecute(DriverCommandExecutor.java:216)
at org.openqa.selenium.remote.service.DriverCommandExecutor.execute(DriverCommandExecutor.java:174)
at org.openqa.selenium.remote.RemoteWebDriver.execute(RemoteWebDriver.java:545)
at org.openqa.selenium.remote.ElementLocation$ElementFinder$2.findElement(ElementLocation.java:165)
at org.openqa.selenium.remote.ElementLocation.findElement(ElementLocation.java:59)
at org.openqa.selenium.remote.RemoteWebDriver.findElement(RemoteWebDriver.java:368)
at org.openqa.selenium.remote.RemoteWebDriver.findElement(RemoteWebDriver.java:362)
at patterns.pageobject.GaragePage.carCardIsDisplayed(GaragePage.java:50)
at GarageTest.checkAddingCarToGarage(GarageTest.java:41)
at java.base/jdk.internal.reflect.DirectMethodHandleAccessor.invoke(DirectMethodHandleAccessor.java:103)
at java.base/java.lang.reflect.Method.invoke(Method.java:580)
at org.testng.internal.invokers.MethodInvocationHelper.invokeMethod(MethodInvocationHelper.java:141)
at org.testng.internal.invokers.TestInvoker.invokeMethod(TestInvoker.java:686)
at org.testng.internal.invokers.TestInvoker.invokeTestMethod(TestInvoker.java:230)
at org.testng.internal.invokers.MethodRunner.runInSequence(MethodRunner.java:63)
at org.testng.internal.invokers.TestInvoker$MethodInvocationAgent.invoke(TestInvoker.java:992)
at org.testng.internal.invokers.TestInvoker.invokeTestMethods(TestInvoker.java:203)
at org.testng.internal.invokers.TestMethodWorker.invokeTestMethods(TestMethodWorker.java:154)
at org.testng.internal.invokers.TestMethodWorker.run(TestMethodWorker.java:134)
at java.base/java.util.ArrayList.forEach(ArrayList.java:1597)
at org.testng.TestRunner.privateRun(TestRunner.java:739)
at org.testng.TestRunner.run(TestRunner.java:614)
at org.testng.SuiteRunner.runTest(SuiteRunner.java:421)
at org.testng.SuiteRunner.runSequentially(SuiteRunner.java:413)
at org.testng.SuiteRunner.privateRun(SuiteRunner.java:373)
at org.testng.SuiteRunner.run(SuiteRunner.java:312)
at org.testng.SuiteRunnerWorker.runSuite(SuiteRunnerWorker.java:52)
at org.testng.SuiteRunnerWorker.run(SuiteRunnerWorker.java:95)
at org.testng.TestNG.runSuitesSequentially(TestNG.java:1274)
at org.testng.TestNG.runSuitesLocally(TestNG.java:1208)
at org.testng.TestNG.runSuites(TestNG.java:1112)
at org.testng.TestNG.run(TestNG.java:1079)
at org.apache.maven.surefire.testng.TestNGExecutor.run(TestNGExecutor.java:155)
at org.apache.maven.surefire.testng.TestNGDirectoryTestSuite.executeMulti(TestNGDirectoryTestSuite.java:169)
at org.apache.maven.surefire.testng.TestNGDirectoryTestSuite.execute(TestNGDirectoryTestSuite.java:88)
at org.apache.maven.surefire.testng.TestNGProvider.invoke(TestNGProvider.java:137)
at org.apache.maven.surefire.booter.ForkedBooter.runSuitesInProcess(ForkedBooter.java:385)
at org.apache.maven.surefire.booter.ForkedBooter.execute(ForkedBooter.java:162)
at org.apache.maven.surefire.booter.ForkedBooter.run(ForkedBooter.java:507)
at org.apache.maven.surefire.booter.ForkedBooter.main(ForkedBooter.java:495)
]]>
            </full-stacktrace>
          </exception> <!-- org.openqa.selenium.NoSuchElementException -->
          <reporter-output>
          </reporter-output>
        </test-method> <!-- checkAddingCarToGarage -->
        <test-method is-config="true" signature="tearDown()[pri:0, instance:GarageTest@1622f1b]" started-at="2025-02-23T14:46:58 EET" name="tearDown" finished-at="2025-02-23T14:46:59 EET" duration-ms="303" status="PASS">
          <reporter-output>
          </reporter-output>
        </test-method> <!-- tearDown -->
      </class> <!-- GarageTest -->
      <class name="WaitersTest">
        <test-method is-config="true" signature="setup()[pri:0, instance:WaitersTest@70e8f8e]" started-at="2025-02-23T14:47:24 EET" name="setup" finished-at="2025-02-23T14:47:26 EET" duration-ms="1228" status="PASS">
          <reporter-output>
          </reporter-output>
        </test-method> <!-- setup -->
        <test-method signature="checkButtonToBeClickable()[pri:0, instance:WaitersTest@70e8f8e]" started-at="2025-02-23T14:47:26 EET" name="checkButtonToBeClickable" finished-at="2025-02-23T14:47:28 EET" duration-ms="1937" status="PASS">
          <reporter-output>
          </reporter-output>
        </test-method> <!-- checkButtonToBeClickable -->
        <test-method is-config="true" signature="afterMethod()[pri:0, instance:WaitersTest@70e8f8e]" started-at="2025-02-23T14:47:28 EET" name="afterMethod" finished-at="2025-02-23T14:47:28 EET" duration-ms="546" status="PASS">
          <reporter-output>
          </reporter-output>
        </test-method> <!-- afterMethod -->
        <test-method is-config="true" signature="setup()[pri:0, instance:WaitersTest@70e8f8e]" started-at="2025-02-23T14:47:28 EET" name="setup" finished-at="2025-02-23T14:47:29 EET" duration-ms="1222" status="PASS">
          <reporter-output>
          </reporter-output>
        </test-method> <!-- setup -->
        <test-method signature="checkTitleOfPage()[pri:0, instance:WaitersTest@70e8f8e]" started-at="2025-02-23T14:47:29 EET" name="checkTitleOfPage" finished-at="2025-02-23T14:47:31 EET" duration-ms="1832" status="PASS">
          <reporter-output>
          </reporter-output>
        </test-method> <!-- checkTitleOfPage -->
        <test-method is-config="true" signature="afterMethod()[pri:0, instance:WaitersTest@70e8f8e]" started-at="2025-02-23T14:47:31 EET" name="afterMethod" finished-at="2025-02-23T14:47:33 EET" duration-ms="1697" status="PASS">
          <reporter-output>
          </reporter-output>
        </test-method> <!-- afterMethod -->
      </class> <!-- WaitersTest -->
      <class name="iFrameWindowsHandleTest">
        <test-method is-config="true" signature="setup()[pri:0, instance:iFrameWindowsHandleTest@72a7c7e0]" started-at="2025-02-23T14:46:59 EET" name="setup" finished-at="2025-02-23T14:47:00 EET" duration-ms="1277" status="PASS">
          <reporter-output>
          </reporter-output>
        </test-method> <!-- setup -->
        <test-method signature="checkIframe()[pri:0, instance:iFrameWindowsHandleTest@72a7c7e0]" started-at="2025-02-23T14:47:00 EET" name="checkIframe" finished-at="2025-02-23T14:47:02 EET" duration-ms="1849" status="PASS">
          <reporter-output>
          </reporter-output>
        </test-method> <!-- checkIframe -->
        <test-method is-config="true" signature="afterMethod()[pri:0, instance:iFrameWindowsHandleTest@72a7c7e0]" started-at="2025-02-23T14:47:02 EET" name="afterMethod" finished-at="2025-02-23T14:47:02 EET" duration-ms="531" status="PASS">
          <reporter-output>
          </reporter-output>
        </test-method> <!-- afterMethod -->
        <test-method is-config="true" signature="setup()[pri:0, instance:iFrameWindowsHandleTest@72a7c7e0]" started-at="2025-02-23T14:47:02 EET" name="setup" finished-at="2025-02-23T14:47:04 EET" duration-ms="1306" status="PASS">
          <reporter-output>
          </reporter-output>
        </test-method> <!-- setup -->
        <test-method signature="checkSocialsInFooter()[pri:0, instance:iFrameWindowsHandleTest@72a7c7e0]" started-at="2025-02-23T14:47:04 EET" name="checkSocialsInFooter" finished-at="2025-02-23T14:47:16 EET" duration-ms="11976" status="PASS">
          <reporter-output>
          </reporter-output>
        </test-method> <!-- checkSocialsInFooter -->
        <test-method is-config="true" signature="afterMethod()[pri:0, instance:iFrameWindowsHandleTest@72a7c7e0]" started-at="2025-02-23T14:47:16 EET" name="afterMethod" finished-at="2025-02-23T14:47:16 EET" duration-ms="297" status="PASS">
          <reporter-output>
          </reporter-output>
        </test-method> <!-- afterMethod -->
      </class> <!-- iFrameWindowsHandleTest -->
      <class name="AssertTest">
        <test-method is-config="true" signature="setup()[pri:0, instance:AssertTest@1f3f4916]" started-at="2025-02-23T14:46:47 EET" name="setup" finished-at="2025-02-23T14:46:49 EET" duration-ms="1818" status="PASS">
          <reporter-output>
          </reporter-output>
        </test-method> <!-- setup -->
        <test-method signature="checkBackgroundColor()[pri:0, instance:AssertTest@1f3f4916]" started-at="2025-02-23T14:46:49 EET" name="checkBackgroundColor" finished-at="2025-02-23T14:46:50 EET" duration-ms="1917" status="PASS">
          <reporter-output>
          </reporter-output>
        </test-method> <!-- checkBackgroundColor -->
        <test-method is-config="true" signature="afterMethod()[pri:0, instance:AssertTest@1f3f4916]" started-at="2025-02-23T14:46:50 EET" name="afterMethod" finished-at="2025-02-23T14:46:51 EET" duration-ms="604" status="PASS">
          <reporter-output>
          </reporter-output>
        </test-method> <!-- afterMethod -->
        <test-method is-config="true" signature="setup()[pri:0, instance:AssertTest@1f3f4916]" started-at="2025-02-23T14:46:51 EET" name="setup" finished-at="2025-02-23T14:46:52 EET" duration-ms="1241" status="PASS">
          <reporter-output>
          </reporter-output>
        </test-method> <!-- setup -->
        <test-method signature="checkIfLogoIsDisplayed()[pri:0, instance:AssertTest@1f3f4916]" started-at="2025-02-23T14:46:52 EET" name="checkIfLogoIsDisplayed" finished-at="2025-02-23T14:46:54 EET" duration-ms="1882" status="PASS">
          <reporter-output>
          </reporter-output>
        </test-method> <!-- checkIfLogoIsDisplayed -->
        <test-method is-config="true" signature="afterMethod()[pri:0, instance:AssertTest@1f3f4916]" started-at="2025-02-23T14:46:54 EET" name="afterMethod" finished-at="2025-02-23T14:46:55 EET" duration-ms="524" status="PASS">
          <reporter-output>
          </reporter-output>
        </test-method> <!-- afterMethod -->
      </class> <!-- AssertTest -->
      <class name="SeleniumTest">
        <test-method is-config="true" signature="setup()[pri:0, instance:SeleniumTest@2e4b8173]" started-at="2025-02-23T14:47:16 EET" name="setup" finished-at="2025-02-23T14:47:17 EET" duration-ms="1364" status="PASS">
          <reporter-output>
          </reporter-output>
        </test-method> <!-- setup -->
        <test-method signature="checkHeaderLogo()[pri:0, instance:SeleniumTest@2e4b8173]" started-at="2025-02-23T14:47:17 EET" name="checkHeaderLogo" finished-at="2025-02-23T14:47:19 EET" duration-ms="1881" status="PASS">
          <reporter-output>
          </reporter-output>
        </test-method> <!-- checkHeaderLogo -->
        <test-method is-config="true" signature="afterMethod()[pri:0, instance:SeleniumTest@2e4b8173]" started-at="2025-02-23T14:47:19 EET" name="afterMethod" finished-at="2025-02-23T14:47:21 EET" duration-ms="1691" status="PASS">
          <reporter-output>
          </reporter-output>
        </test-method> <!-- afterMethod -->
        <test-method is-config="true" signature="setup()[pri:0, instance:SeleniumTest@2e4b8173]" started-at="2025-02-23T14:47:21 EET" name="setup" finished-at="2025-02-23T14:47:22 EET" duration-ms="1186" status="PASS">
          <reporter-output>
          </reporter-output>
        </test-method> <!-- setup -->
        <test-method signature="checkSignUpButtonColor()[pri:0, instance:SeleniumTest@2e4b8173]" started-at="2025-02-23T14:47:22 EET" name="checkSignUpButtonColor" finished-at="2025-02-23T14:47:24 EET" duration-ms="1860" status="PASS">
          <reporter-output>
          </reporter-output>
        </test-method> <!-- checkSignUpButtonColor -->
        <test-method is-config="true" signature="afterMethod()[pri:0, instance:SeleniumTest@2e4b8173]" started-at="2025-02-23T14:47:24 EET" name="afterMethod" finished-at="2025-02-23T14:47:24 EET" duration-ms="520" status="PASS">
          <reporter-output>
          </reporter-output>
        </test-method> <!-- afterMethod -->
      </class> <!-- SeleniumTest -->
    </test> <!-- Surefire test -->
  </suite> <!-- Surefire suite -->
</testng-results>
